<?xml version="1.0" encoding="UTF-8"?>
<!-- Generated by org.testng.reporters.JUnitXMLReporter -->
<testsuite hostname="thripura-PC" name="Test" tests="3" failures="0" timestamp="28 Jan 2020 04:16:44 GMT" time="23.828" errors="0">
  <testcase name="gmailLogin" time="4.989" classname="com.rameshsoft.automation.gmail.scripts.Gmail_Test"/>
  <testcase name="fbTest" time="11.601" classname="com.rameshsoft.automation.gmail.scripts.FB_Test"/>
  <testcase name="helloPlzPractice" time="1.763" classname="com.rameshsoft.automation.gmail.scripts.BingTest"/>
</testsuite> <!-- Test -->
